<?xml version="1.0" encoding="UTF-8"?>
<coverage generated="1559567149">
  <project timestamp="1559567149">
    <package name="Shieldon">
      <file name="D:\terrylin\data\_projects\vendor\shieldon\src\Shieldon\Autoloader.php">
        <class name="Shieldon\Autoloader" namespace="Shieldon">
          <metrics complexity="5" methods="1" coveredmethods="1" conditionals="0" coveredconditionals="0" statements="6" coveredstatements="6" elements="7" coveredelements="7"/>
        </class>
        <line num="32" type="method" name="autoload" visibility="public" complexity="3" crap="3" count="10"/>
        <line num="34" type="stmt" count="10"/>
        <line num="35" type="stmt" count="10"/>
        <line num="36" type="stmt" count="10"/>
        <line num="38" type="stmt" count="10"/>
        <line num="39" type="stmt" count="10"/>
        <line num="42" type="stmt" count="10"/>
        <metrics loc="43" ncloc="31" classes="1" methods="1" coveredmethods="1" conditionals="0" coveredconditionals="0" statements="6" coveredstatements="6" elements="7" coveredelements="7"/>
      </file>
      <file name="D:\terrylin\data\_projects\vendor\shieldon\src\Shieldon\IpTrait.php">
        <class name="IpTrait" namespace="Shieldon">
          <metrics complexity="8" methods="4" coveredmethods="4" conditionals="0" coveredconditionals="0" statements="13" coveredstatements="13" elements="17" coveredelements="17"/>
        </class>
        <line num="46" type="method" name="setIp" visibility="public" complexity="5" crap="5" count="29"/>
        <line num="48" type="stmt" count="29"/>
        <line num="49" type="stmt" count="15"/>
        <line num="52" type="stmt" count="29"/>
        <line num="54" type="stmt" count="29"/>
        <line num="58" type="stmt" count="25"/>
        <line num="59" type="stmt" count="25"/>
        <line num="61" type="stmt" count="2"/>
        <line num="63" type="stmt" count="23"/>
        <line num="66" type="stmt" count="29"/>
        <line num="73" type="method" name="getIp" visibility="public" complexity="1" crap="1" count="2"/>
        <line num="75" type="stmt" count="2"/>
        <line num="85" type="method" name="setRdns" visibility="public" complexity="1" crap="1" count="28"/>
        <line num="87" type="stmt" count="28"/>
        <line num="88" type="stmt" count="28"/>
        <line num="95" type="method" name="getRdns" visibility="public" complexity="1" crap="1" count="2"/>
        <line num="97" type="stmt" count="2"/>
        <metrics loc="98" ncloc="47" classes="1" methods="4" coveredmethods="4" conditionals="0" coveredconditionals="0" statements="13" coveredstatements="13" elements="17" coveredelements="17"/>
      </file>
      <file name="D:\terrylin\data\_projects\vendor\shieldon\src\Shieldon\Shieldon.php">
        <class name="Shieldon\Shieldon" namespace="Shieldon">
          <metrics complexity="131" methods="24" coveredmethods="24" conditionals="0" coveredconditionals="0" statements="283" coveredstatements="283" elements="307" coveredelements="307"/>
        </class>
        <line num="229" type="method" name="__construct" visibility="public" complexity="3" crap="3" count="21"/>
        <line num="231" type="stmt" count="21"/>
        <line num="233" type="stmt" count="21"/>
        <line num="236" type="stmt" count="21"/>
        <line num="237" type="stmt" count="21"/>
        <line num="240" type="stmt" count="21"/>
        <line num="241" type="stmt" count="1"/>
        <line num="244" type="stmt" count="21"/>
        <line num="245" type="stmt" count="21"/>
        <line num="252" type="method" name="detect" visibility="protected" complexity="35" crap="35" count="9"/>
        <line num="254" type="stmt" count="9"/>
        <line num="255" type="stmt" count="9"/>
        <line num="256" type="stmt" count="9"/>
        <line num="259" type="stmt" count="9"/>
        <line num="266" type="stmt" count="9"/>
        <line num="268" type="stmt" count="9"/>
        <line num="269" type="stmt" count="9"/>
        <line num="272" type="stmt" count="9"/>
        <line num="275" type="stmt" count="9"/>
        <line num="276" type="stmt" count="9"/>
        <line num="279" type="stmt" count="9"/>
        <line num="281" type="stmt" count="9"/>
        <line num="282" type="stmt" count="3"/>
        <line num="283" type="stmt" count="3"/>
        <line num="284" type="stmt" count="3"/>
        <line num="285" type="stmt" count="3"/>
        <line num="289" type="stmt" count="3"/>
        <line num="291" type="stmt" count="3"/>
        <line num="295" type="stmt" count="3"/>
        <line num="297" type="stmt" count="3"/>
        <line num="298" type="stmt" count="3"/>
        <line num="299" type="stmt" count="3"/>
        <line num="303" type="stmt" count="3"/>
        <line num="304" type="stmt" count="1"/>
        <line num="305" type="stmt" count="1"/>
        <line num="312" type="stmt" count="3"/>
        <line num="314" type="stmt" count="3"/>
        <line num="317" type="stmt" count="3"/>
        <line num="319" type="stmt" count="3"/>
        <line num="323" type="stmt" count="1"/>
        <line num="324" type="stmt" count="1"/>
        <line num="328" type="stmt" count="3"/>
        <line num="329" type="stmt" count="1"/>
        <line num="330" type="stmt" count="1"/>
        <line num="338" type="stmt" count="3"/>
        <line num="341" type="stmt" count="1"/>
        <line num="342" type="stmt" count="1"/>
        <line num="344" type="stmt" count="1"/>
        <line num="346" type="stmt" count="1"/>
        <line num="349" type="stmt" count="1"/>
        <line num="351" type="stmt" count="1"/>
        <line num="352" type="stmt" count="1"/>
        <line num="356" type="stmt" count="1"/>
        <line num="357" type="stmt" count="1"/>
        <line num="361" type="stmt" count="1"/>
        <line num="362" type="stmt" count="1"/>
        <line num="365" type="stmt" count="1"/>
        <line num="368" type="stmt" count="1"/>
        <line num="369" type="stmt" count="1"/>
        <line num="373" type="stmt" count="1"/>
        <line num="376" type="stmt" count="1"/>
        <line num="377" type="stmt" count="1"/>
        <line num="380" type="stmt" count="1"/>
        <line num="381" type="stmt" count="1"/>
        <line num="387" type="stmt" count="3"/>
        <line num="389" type="stmt" count="3"/>
        <line num="390" type="stmt" count="3"/>
        <line num="391" type="stmt" count="3"/>
        <line num="392" type="stmt" count="3"/>
        <line num="393" type="stmt" count="3"/>
        <line num="394" type="stmt" count="3"/>
        <line num="399" type="stmt" count="2"/>
        <line num="405" type="stmt" count="3"/>
        <line num="406" type="stmt" count="2"/>
        <line num="407" type="stmt" count="2"/>
        <line num="408" type="stmt" count="2"/>
        <line num="409" type="stmt" count="2"/>
        <line num="410" type="stmt" count="3"/>
        <line num="417" type="stmt" count="3"/>
        <line num="420" type="stmt" count="3"/>
        <line num="421" type="stmt" count="2"/>
        <line num="422" type="stmt" count="3"/>
        <line num="428" type="stmt" count="3"/>
        <line num="429" type="stmt" count="3"/>
        <line num="433" type="stmt" count="3"/>
        <line num="434" type="stmt" count="2"/>
        <line num="435" type="stmt" count="1"/>
        <line num="436" type="stmt" count="1"/>
        <line num="437" type="stmt" count="1"/>
        <line num="441" type="stmt" count="3"/>
        <line num="448" type="stmt" count="9"/>
        <line num="449" type="stmt" count="9"/>
        <line num="450" type="stmt" count="9"/>
        <line num="452" type="stmt" count="9"/>
        <line num="453" type="stmt" count="9"/>
        <line num="456" type="stmt" count="9"/>
        <line num="459" type="stmt" count="9"/>
        <line num="471" type="method" name="action" visibility="protected" complexity="6" crap="6" count="6"/>
        <line num="473" type="stmt" count="6"/>
        <line num="475" type="stmt" count="6"/>
        <line num="477" type="stmt" count="6"/>
        <line num="478" type="stmt" count="4"/>
        <line num="479" type="stmt" count="4"/>
        <line num="483" type="stmt" count="6"/>
        <line num="484" type="stmt" count="5"/>
        <line num="485" type="stmt" count="5"/>
        <line num="486" type="stmt" count="6"/>
        <line num="487" type="stmt" count="6"/>
        <line num="488" type="stmt" count="6"/>
        <line num="489" type="stmt" count="6"/>
        <line num="490" type="stmt" count="6"/>
        <line num="492" type="stmt" count="6"/>
        <line num="493" type="stmt" count="6"/>
        <line num="495" type="stmt" count="3"/>
        <line num="496" type="stmt" count="3"/>
        <line num="497" type="stmt" count="3"/>
        <line num="502" type="stmt" count="6"/>
        <line num="503" type="stmt" count="6"/>
        <line num="512" type="method" name="getComponent" visibility="protected" complexity="4" crap="4" count="10"/>
        <line num="514" type="stmt" count="10"/>
        <line num="515" type="stmt" count="4"/>
        <line num="517" type="stmt" count="7"/>
        <line num="527" type="method" name="sessionHandler" visibility="private" complexity="10" crap="10" count="9"/>
        <line num="529" type="stmt" count="9"/>
        <line num="530" type="stmt" count="3"/>
        <line num="534" type="stmt" count="9"/>
        <line num="535" type="stmt" count="5"/>
        <line num="540" type="stmt" count="5"/>
        <line num="541" type="stmt" count="5"/>
        <line num="542" type="stmt" count="5"/>
        <line num="544" type="stmt" count="5"/>
        <line num="545" type="stmt" count="5"/>
        <line num="547" type="stmt" count="5"/>
        <line num="548" type="stmt" count="5"/>
        <line num="551" type="stmt" count="5"/>
        <line num="552" type="stmt" count="5"/>
        <line num="553" type="stmt" count="5"/>
        <line num="554" type="stmt" count="5"/>
        <line num="556" type="stmt" count="5"/>
        <line num="557" type="stmt" count="4"/>
        <line num="561" type="stmt" count="5"/>
        <line num="562" type="stmt" count="1"/>
        <line num="564" type="stmt" count="5"/>
        <line num="567" type="stmt" count="5"/>
        <line num="568" type="stmt" count="5"/>
        <line num="571" type="stmt" count="4"/>
        <line num="575" type="stmt" count="5"/>
        <line num="576" type="stmt" count="5"/>
        <line num="577" type="stmt" count="5"/>
        <line num="579" type="stmt" count="5"/>
        <line num="580" type="stmt" count="5"/>
        <line num="583" type="stmt" count="5"/>
        <line num="584" type="stmt" count="5"/>
        <line num="585" type="stmt" count="5"/>
        <line num="586" type="stmt" count="5"/>
        <line num="590" type="stmt" count="5"/>
        <line num="591" type="stmt" count="2"/>
        <line num="595" type="stmt" count="5"/>
        <line num="654" type="method" name="setDriver" visibility="public" complexity="2" crap="2" count="11"/>
        <line num="656" type="stmt" count="11"/>
        <line num="657" type="stmt" count="11"/>
        <line num="660" type="stmt" count="11"/>
        <line num="672" type="method" name="createDatabase" visibility="public" complexity="1" crap="1" count="1"/>
        <line num="674" type="stmt" count="1"/>
        <line num="676" type="stmt" count="1"/>
        <line num="686" type="method" name="setChannel" visibility="public" complexity="2" crap="2" count="4"/>
        <line num="688" type="stmt" count="4"/>
        <line num="689" type="stmt" count="1"/>
        <line num="691" type="stmt" count="4"/>
        <line num="694" type="stmt" count="4"/>
        <line num="704" type="method" name="setCaptcha" visibility="public" complexity="2" crap="2" count="21"/>
        <line num="706" type="stmt" count="21"/>
        <line num="707" type="stmt" count="21"/>
        <line num="708" type="stmt" count="21"/>
        <line num="709" type="stmt" count="21"/>
        <line num="712" type="stmt" count="21"/>
        <line num="720" type="method" name="captchaResponse" visibility="public" complexity="4" crap="4" count="1"/>
        <line num="722" type="stmt" count="1"/>
        <line num="723" type="stmt" count="1"/>
        <line num="724" type="stmt" count="1"/>
        <line num="728" type="stmt" count="1"/>
        <line num="729" type="stmt" count="1"/>
        <line num="732" type="stmt" count="1"/>
        <line num="743" type="method" name="setComponent" visibility="public" complexity="2" crap="2" count="5"/>
        <line num="745" type="stmt" count="5"/>
        <line num="746" type="stmt" count="5"/>
        <line num="747" type="stmt" count="5"/>
        <line num="748" type="stmt" count="5"/>
        <line num="751" type="stmt" count="5"/>
        <line num="761" type="method" name="ban" visibility="public" complexity="2" crap="2" count="3"/>
        <line num="763" type="stmt" count="3"/>
        <line num="764" type="stmt" count="1"/>
        <line num="767" type="stmt" count="3"/>
        <line num="769" type="stmt" count="3"/>
        <line num="779" type="method" name="unban" visibility="public" complexity="2" crap="2" count="2"/>
        <line num="781" type="stmt" count="2"/>
        <line num="782" type="stmt" count="1"/>
        <line num="785" type="stmt" count="2"/>
        <line num="786" type="stmt" count="2"/>
        <line num="788" type="stmt" count="2"/>
        <line num="797" type="method" name="setProperty" visibility="public" complexity="2" crap="2" count="3"/>
        <line num="799" type="stmt" count="3"/>
        <line num="800" type="stmt" count="3"/>
        <line num="803" type="stmt" count="3"/>
        <line num="811" type="method" name="setProperties" visibility="public" complexity="3" crap="3" count="1"/>
        <line num="813" type="stmt" count="1"/>
        <line num="814" type="stmt" count="1"/>
        <line num="815" type="stmt" count="1"/>
        <line num="819" type="stmt" count="1"/>
        <line num="829" type="method" name="setStrict" visibility="public" complexity="1" crap="1" count="2"/>
        <line num="831" type="stmt" count="2"/>
        <line num="833" type="stmt" count="2"/>
        <line num="844" type="method" name="limitSession" visibility="public" complexity="1" crap="1" count="5"/>
        <line num="846" type="stmt" count="5"/>
        <line num="847" type="stmt" count="5"/>
        <line num="858" type="method" name="setView" visibility="public" complexity="4" crap="4" count="1"/>
        <line num="860" type="stmt" count="1"/>
        <line num="861" type="stmt" count="1"/>
        <line num="864" type="stmt" count="1"/>
        <line num="875" type="method" name="output" visibility="public" complexity="14" crap="14" count="1"/>
        <line num="877" type="stmt" count="1"/>
        <line num="879" type="stmt" count="1"/>
        <line num="880" type="stmt" count="1"/>
        <line num="881" type="stmt" count="1"/>
        <line num="882" type="stmt" count="1"/>
        <line num="883" type="stmt" count="1"/>
        <line num="884" type="stmt" count="1"/>
        <line num="897" type="stmt" count="1"/>
        <line num="902" type="stmt" count="1"/>
        <line num="907" type="stmt" count="1"/>
        <line num="912" type="stmt" count="1"/>
        <line num="915" type="stmt" count="1"/>
        <line num="916" type="stmt" count="1"/>
        <line num="918" type="stmt" count="1"/>
        <line num="919" type="stmt" count="1"/>
        <line num="922" type="stmt" count="1"/>
        <line num="923" type="stmt" count="1"/>
        <line num="926" type="stmt" count="1"/>
        <line num="927" type="stmt" count="1"/>
        <line num="930" type="stmt" count="1"/>
        <line num="931" type="stmt" count="1"/>
        <line num="932" type="stmt" count="1"/>
        <line num="935" type="stmt" count="1"/>
        <line num="936" type="stmt" count="1"/>
        <line num="937" type="stmt" count="1"/>
        <line num="938" type="stmt" count="1"/>
        <line num="967" type="stmt" count="1"/>
        <line num="969" type="stmt" count="1"/>
        <line num="982" type="stmt" count="1"/>
        <line num="994" type="method" name="run" visibility="public" complexity="17" crap="17" count="9"/>
        <line num="996" type="stmt" count="9"/>
        <line num="998" type="stmt" count="9"/>
        <line num="999" type="stmt" count="3"/>
        <line num="1000" type="stmt" count="3"/>
        <line num="1001" type="stmt" count="3"/>
        <line num="1004" type="stmt" count="9"/>
        <line num="1006" type="stmt" count="3"/>
        <line num="1008" type="stmt" count="3"/>
        <line num="1009" type="stmt" count="1"/>
        <line num="1010" type="stmt" count="1"/>
        <line num="1011" type="stmt" count="1"/>
        <line num="1012" type="stmt" count="1"/>
        <line num="1014" type="stmt" count="1"/>
        <line num="1015" type="stmt" count="1"/>
        <line num="1016" type="stmt" count="1"/>
        <line num="1019" type="stmt" count="1"/>
        <line num="1023" type="stmt" count="9"/>
        <line num="1026" type="stmt" count="3"/>
        <line num="1027" type="stmt" count="3"/>
        <line num="1032" type="stmt" count="9"/>
        <line num="1034" type="stmt" count="9"/>
        <line num="1035" type="stmt" count="6"/>
        <line num="1037" type="stmt" count="6"/>
        <line num="1038" type="stmt" count="1"/>
        <line num="1040" type="stmt" count="5"/>
        <line num="1044" type="stmt" count="9"/>
        <line num="1045" type="stmt" count="9"/>
        <line num="1049" type="stmt" count="3"/>
        <line num="1050" type="stmt" count="1"/>
        <line num="1052" type="stmt" count="1"/>
        <line num="1053" type="stmt" count="1"/>
        <line num="1055" type="stmt" count="1"/>
        <line num="1056" type="stmt" count="1"/>
        <line num="1058" type="stmt" count="1"/>
        <line num="1062" type="stmt" count="1"/>
        <line num="1065" type="stmt" count="1"/>
        <line num="1071" type="stmt" count="9"/>
        <line num="1072" type="stmt" count="9"/>
        <line num="1075" type="stmt" count="1"/>
        <line num="1084" type="method" name="setFilters" visibility="public" complexity="3" crap="3" count="1"/>
        <line num="1087" type="stmt" count="1"/>
        <line num="1093" type="stmt" count="1"/>
        <line num="1094" type="stmt" count="1"/>
        <line num="1095" type="stmt" count="1"/>
        <line num="1096" type="stmt" count="1"/>
        <line num="1100" type="stmt" count="1"/>
        <line num="1108" type="method" name="disableFiltering" visibility="public" complexity="1" crap="1" count="2"/>
        <line num="1110" type="stmt" count="2"/>
        <line num="1112" type="stmt" count="2"/>
        <line num="1120" type="method" name="getSessionCount" visibility="public" complexity="1" crap="1" count="1"/>
        <line num="1122" type="stmt" count="1"/>
        <line num="1131" type="method" name="outputJsSnippet" visibility="public" complexity="1" crap="1" count="1"/>
        <line num="1133" type="stmt" count="1"/>
        <line num="1134" type="stmt" count="1"/>
        <line num="1135" type="stmt" count="1"/>
        <line num="1143" type="stmt" count="1"/>
        <line num="1146" type="stmt" count="1"/>
        <metrics loc="1152" ncloc="684" classes="1" methods="24" coveredmethods="24" conditionals="0" coveredconditionals="0" statements="283" coveredstatements="283" elements="307" coveredelements="307"/>
      </file>
    </package>
    <file name="D:\terrylin\data\_projects\vendor\shieldon\src\Shieldon\Captcha\CaptchaInterface.php">
      <metrics loc="30" ncloc="9" classes="0" methods="0" coveredmethods="0" conditionals="0" coveredconditionals="0" statements="0" coveredstatements="0" elements="0" coveredelements="0"/>
    </file>
    <package name="Shieldon\Captcha">
      <file name="D:\terrylin\data\_projects\vendor\shieldon\src\Shieldon\Captcha\Csrf.php">
        <class name="Shieldon\Captcha\Csrf" namespace="Shieldon\Captcha">
          <metrics complexity="5" methods="3" coveredmethods="0" conditionals="0" coveredconditionals="0" statements="14" coveredstatements="0" elements="17" coveredelements="0"/>
        </class>
        <line num="38" type="method" name="__construct" visibility="public" complexity="3" crap="12.00" count="0"/>
        <line num="39" type="stmt" count="0"/>
        <line num="40" type="stmt" count="0"/>
        <line num="41" type="stmt" count="0"/>
        <line num="42" type="stmt" count="0"/>
        <line num="43" type="stmt" count="0"/>
        <line num="44" type="stmt" count="0"/>
        <line num="45" type="stmt" count="0"/>
        <line num="52" type="method" name="response" visibility="public" complexity="1" crap="2.00" count="0"/>
        <line num="53" type="stmt" count="0"/>
        <line num="54" type="stmt" count="0"/>
        <line num="55" type="stmt" count="0"/>
        <line num="62" type="method" name="form" visibility="public" complexity="1" crap="2.00" count="0"/>
        <line num="63" type="stmt" count="0"/>
        <line num="64" type="stmt" count="0"/>
        <line num="66" type="stmt" count="0"/>
        <line num="67" type="stmt" count="0"/>
        <metrics loc="67" ncloc="30" classes="1" methods="3" coveredmethods="0" conditionals="0" coveredconditionals="0" statements="14" coveredstatements="0" elements="17" coveredelements="0"/>
      </file>
      <file name="D:\terrylin\data\_projects\vendor\shieldon\src\Shieldon\Captcha\Example.php">
        <class name="Shieldon\Captcha\Example" namespace="Shieldon\Captcha">
          <metrics complexity="5" methods="3" coveredmethods="3" conditionals="0" coveredconditionals="0" statements="10" coveredstatements="10" elements="13" coveredelements="13"/>
        </class>
        <line num="25" type="method" name="__construct" visibility="public" complexity="1" crap="1" count="21"/>
        <line num="28" type="stmt" count="21"/>
        <line num="35" type="method" name="response" visibility="public" complexity="3" crap="3" count="1"/>
        <line num="37" type="stmt" count="1"/>
        <line num="38" type="stmt" count="1"/>
        <line num="41" type="stmt" count="1"/>
        <line num="43" type="stmt" count="1"/>
        <line num="44" type="stmt" count="1"/>
        <line num="47" type="stmt" count="1"/>
        <line num="55" type="method" name="form" visibility="public" complexity="1" crap="1" count="1"/>
        <line num="57" type="stmt" count="1"/>
        <line num="58" type="stmt" count="1"/>
        <line num="60" type="stmt" count="1"/>
        <metrics loc="61" ncloc="34" classes="1" methods="3" coveredmethods="3" conditionals="0" coveredconditionals="0" statements="10" coveredstatements="10" elements="13" coveredelements="13"/>
      </file>
      <file name="D:\terrylin\data\_projects\vendor\shieldon\src\Shieldon\Captcha\ImageCaptcha.php">
        <class name="Shieldon\Captcha\ImageCaptcha" namespace="Shieldon\Captcha">
          <metrics complexity="23" methods="4" coveredmethods="0" conditionals="0" coveredconditionals="0" statements="82" coveredstatements="9" elements="86" coveredelements="9"/>
        </class>
        <line num="68" type="method" name="__construct" visibility="public" complexity="6" crap="6.22" count="2"/>
        <line num="71" type="stmt" count="2"/>
        <line num="84" type="stmt" count="2"/>
        <line num="85" type="stmt" count="2"/>
        <line num="86" type="stmt" count="0"/>
        <line num="88" type="stmt" count="2"/>
        <line num="92" type="stmt" count="2"/>
        <line num="93" type="stmt" count="0"/>
        <line num="96" type="stmt" count="2"/>
        <line num="97" type="stmt" count="2"/>
        <line num="98" type="stmt" count="2"/>
        <line num="101" type="stmt" count="2"/>
        <line num="108" type="method" name="response" visibility="public" complexity="4" crap="20.00" count="0"/>
        <line num="110" type="stmt" count="0"/>
        <line num="111" type="stmt" count="0"/>
        <line num="114" type="stmt" count="0"/>
        <line num="116" type="stmt" count="0"/>
        <line num="117" type="stmt" count="0"/>
        <line num="120" type="stmt" count="0"/>
        <line num="128" type="method" name="form" visibility="public" complexity="3" crap="12.00" count="0"/>
        <line num="130" type="stmt" count="0"/>
        <line num="131" type="stmt" count="0"/>
        <line num="134" type="stmt" count="0"/>
        <line num="135" type="stmt" count="0"/>
        <line num="137" type="stmt" count="0"/>
        <line num="138" type="stmt" count="0"/>
        <line num="139" type="stmt" count="0"/>
        <line num="146" type="stmt" count="0"/>
        <line num="147" type="stmt" count="0"/>
        <line num="158" type="stmt" count="0"/>
        <line num="159" type="stmt" count="0"/>
        <line num="162" type="stmt" count="0"/>
        <line num="170" type="method" name="createCaptcha" visibility="protected" complexity="10" crap="110.00" count="0"/>
        <line num="172" type="stmt" count="0"/>
        <line num="173" type="stmt" count="0"/>
        <line num="174" type="stmt" count="0"/>
        <line num="176" type="stmt" count="0"/>
        <line num="177" type="stmt" count="0"/>
        <line num="181" type="stmt" count="0"/>
        <line num="182" type="stmt" count="0"/>
        <line num="183" type="stmt" count="0"/>
        <line num="184" type="stmt" count="0"/>
        <line num="187" type="stmt" count="0"/>
        <line num="188" type="stmt" count="0"/>
        <line num="190" type="stmt" count="0"/>
        <line num="194" type="stmt" count="0"/>
        <line num="195" type="stmt" count="0"/>
        <line num="196" type="stmt" count="0"/>
        <line num="200" type="stmt" count="0"/>
        <line num="203" type="stmt" count="0"/>
        <line num="204" type="stmt" count="0"/>
        <line num="205" type="stmt" count="0"/>
        <line num="206" type="stmt" count="0"/>
        <line num="207" type="stmt" count="0"/>
        <line num="209" type="stmt" count="0"/>
        <line num="210" type="stmt" count="0"/>
        <line num="211" type="stmt" count="0"/>
        <line num="213" type="stmt" count="0"/>
        <line num="214" type="stmt" count="0"/>
        <line num="216" type="stmt" count="0"/>
        <line num="217" type="stmt" count="0"/>
        <line num="219" type="stmt" count="0"/>
        <line num="220" type="stmt" count="0"/>
        <line num="222" type="stmt" count="0"/>
        <line num="223" type="stmt" count="0"/>
        <line num="227" type="stmt" count="0"/>
        <line num="228" type="stmt" count="0"/>
        <line num="229" type="stmt" count="0"/>
        <line num="231" type="stmt" count="0"/>
        <line num="232" type="stmt" count="0"/>
        <line num="233" type="stmt" count="0"/>
        <line num="234" type="stmt" count="0"/>
        <line num="238" type="stmt" count="0"/>
        <line num="241" type="stmt" count="0"/>
        <line num="243" type="stmt" count="0"/>
        <line num="244" type="stmt" count="0"/>
        <line num="245" type="stmt" count="0"/>
        <line num="246" type="stmt" count="0"/>
        <line num="247" type="stmt" count="0"/>
        <line num="248" type="stmt" count="0"/>
        <line num="250" type="stmt" count="0"/>
        <line num="253" type="stmt" count="0"/>
        <line num="254" type="stmt" count="0"/>
        <line num="255" type="stmt" count="0"/>
        <line num="258" type="stmt" count="0"/>
        <line num="260" type="stmt" count="0"/>
        <metrics loc="261" ncloc="196" classes="1" methods="4" coveredmethods="0" conditionals="0" coveredconditionals="0" statements="82" coveredstatements="9" elements="86" coveredelements="9"/>
      </file>
      <file name="D:\terrylin\data\_projects\vendor\shieldon\src\Shieldon\Captcha\Recaptcha.php">
        <class name="Shieldon\Captcha\Recaptcha" namespace="Shieldon\Captcha">
          <metrics complexity="11" methods="3" coveredmethods="0" conditionals="0" coveredconditionals="0" statements="43" coveredstatements="0" elements="46" coveredelements="0"/>
        </class>
        <line num="13" type="stmt" count="0"/>
        <line num="14" type="stmt" count="0"/>
        <line num="15" type="stmt" count="0"/>
        <line num="16" type="stmt" count="0"/>
        <line num="17" type="stmt" count="0"/>
        <line num="37" type="method" name="__construct" visibility="public" complexity="3" crap="12.00" count="0"/>
        <line num="38" type="stmt" count="0"/>
        <line num="39" type="stmt" count="0"/>
        <line num="40" type="stmt" count="0"/>
        <line num="41" type="stmt" count="0"/>
        <line num="42" type="stmt" count="0"/>
        <line num="43" type="stmt" count="0"/>
        <line num="44" type="stmt" count="0"/>
        <line num="51" type="method" name="response" visibility="public" complexity="6" crap="42.00" count="0"/>
        <line num="52" type="stmt" count="0"/>
        <line num="53" type="stmt" count="0"/>
        <line num="54" type="stmt" count="0"/>
        <line num="55" type="stmt" count="0"/>
        <line num="57" type="stmt" count="0"/>
        <line num="59" type="stmt" count="0"/>
        <line num="60" type="stmt" count="0"/>
        <line num="61" type="stmt" count="0"/>
        <line num="62" type="stmt" count="0"/>
        <line num="64" type="stmt" count="0"/>
        <line num="65" type="stmt" count="0"/>
        <line num="66" type="stmt" count="0"/>
        <line num="67" type="stmt" count="0"/>
        <line num="68" type="stmt" count="0"/>
        <line num="69" type="stmt" count="0"/>
        <line num="70" type="stmt" count="0"/>
        <line num="71" type="stmt" count="0"/>
        <line num="73" type="stmt" count="0"/>
        <line num="75" type="stmt" count="0"/>
        <line num="76" type="stmt" count="0"/>
        <line num="77" type="stmt" count="0"/>
        <line num="79" type="stmt" count="0"/>
        <line num="80" type="stmt" count="0"/>
        <line num="81" type="stmt" count="0"/>
        <line num="82" type="stmt" count="0"/>
        <line num="83" type="stmt" count="0"/>
        <line num="84" type="stmt" count="0"/>
        <line num="86" type="stmt" count="0"/>
        <line num="87" type="stmt" count="0"/>
        <line num="94" type="method" name="form" visibility="public" complexity="2" crap="6.00" count="0"/>
        <line num="95" type="stmt" count="0"/>
        <line num="96" type="stmt" count="0"/>
        <line num="98" type="stmt" count="0"/>
        <line num="99" type="stmt" count="0"/>
        <line num="100" type="stmt" count="0"/>
        <line num="101" type="stmt" count="0"/>
        <line num="102" type="stmt" count="0"/>
        <metrics loc="102" ncloc="75" classes="1" methods="3" coveredmethods="0" conditionals="0" coveredconditionals="0" statements="48" coveredstatements="0" elements="51" coveredelements="0"/>
      </file>
    </package>
    <file name="D:\terrylin\data\_projects\vendor\shieldon\src\Shieldon\Component\ComponentInterface.php">
      <metrics loc="50" ncloc="13" classes="0" methods="0" coveredmethods="0" conditionals="0" coveredconditionals="0" statements="0" coveredstatements="0" elements="0" coveredelements="0"/>
    </file>
    <package name="Shieldon\Component">
      <file name="D:\terrylin\data\_projects\vendor\shieldon\src\Shieldon\Component\ComponentProvider.php">
        <class name="Shieldon\Component\ComponentProvider" namespace="Shieldon\Component">
          <metrics complexity="11" methods="5" coveredmethods="5" conditionals="0" coveredconditionals="0" statements="17" coveredstatements="17" elements="22" coveredelements="22"/>
        </class>
        <line num="39" type="method" name="setDeniedList" visibility="public" complexity="1" crap="1" count="4"/>
        <line num="41" type="stmt" count="4"/>
        <line num="42" type="stmt" count="4"/>
        <line num="51" type="method" name="setDeniedItem" visibility="public" complexity="2" crap="2" count="9"/>
        <line num="53" type="stmt" count="9"/>
        <line num="54" type="stmt" count="9"/>
        <line num="56" type="stmt" count="9"/>
        <line num="63" type="method" name="getDeniedList" visibility="public" complexity="1" crap="1" count="14"/>
        <line num="65" type="stmt" count="14"/>
        <line num="75" type="method" name="setStrict" visibility="public" complexity="1" crap="1" count="12"/>
        <line num="77" type="stmt" count="12"/>
        <line num="78" type="stmt" count="12"/>
        <line num="87" type="method" name="removeItem" visibility="public" complexity="5" crap="5" count="5"/>
        <line num="89" type="stmt" count="5"/>
        <line num="90" type="stmt" count="2"/>
        <line num="91" type="stmt" count="2"/>
        <line num="92" type="stmt" count="2"/>
        <line num="96" type="stmt" count="5"/>
        <line num="97" type="stmt" count="3"/>
        <line num="98" type="stmt" count="3"/>
        <line num="99" type="stmt" count="3"/>
        <line num="102" type="stmt" count="5"/>
        <metrics loc="109" ncloc="50" classes="1" methods="5" coveredmethods="5" conditionals="0" coveredconditionals="0" statements="17" coveredstatements="17" elements="22" coveredelements="22"/>
      </file>
      <file name="D:\terrylin\data\_projects\vendor\shieldon\src\Shieldon\Component\Header.php">
        <class name="Shieldon\Component\Header" namespace="Shieldon\Component">
          <metrics complexity="9" methods="2" coveredmethods="2" conditionals="0" coveredconditionals="0" statements="16" coveredstatements="16" elements="18" coveredelements="18"/>
        </class>
        <line num="38" type="method" name="isDenied" visibility="public" complexity="6" crap="6" count="2"/>
        <line num="40" type="stmt" count="2"/>
        <line num="42" type="stmt" count="2"/>
        <line num="43" type="stmt" count="1"/>
        <line num="44" type="stmt" count="1"/>
        <line num="48" type="stmt" count="2"/>
        <line num="50" type="stmt" count="2"/>
        <line num="52" type="stmt" count="2"/>
        <line num="53" type="stmt" count="2"/>
        <line num="58" type="stmt" count="1"/>
        <line num="66" type="method" name="getHeaders" visibility="public" complexity="3" crap="3" count="3"/>
        <line num="68" type="stmt" count="3"/>
        <line num="70" type="stmt" count="3"/>
        <line num="71" type="stmt" count="3"/>
        <line num="75" type="stmt" count="3"/>
        <line num="78" type="stmt" count="3"/>
        <line num="79" type="stmt" count="3"/>
        <line num="83" type="stmt" count="3"/>
        <metrics loc="84" ncloc="52" classes="1" methods="2" coveredmethods="2" conditionals="0" coveredconditionals="0" statements="16" coveredstatements="16" elements="18" coveredelements="18"/>
      </file>
      <file name="D:\terrylin\data\_projects\vendor\shieldon\src\Shieldon\Component\Ip.php">
        <class name="Shieldon\Component\Ip" namespace="Shieldon\Component">
          <metrics complexity="33" methods="9" coveredmethods="9" conditionals="0" coveredconditionals="0" statements="81" coveredstatements="81" elements="90" coveredelements="90"/>
        </class>
        <line num="58" type="method" name="check" visibility="public" complexity="5" crap="5" count="4"/>
        <line num="60" type="stmt" count="4"/>
        <line num="61" type="stmt" count="1"/>
        <line num="64" type="stmt" count="4"/>
        <line num="66" type="stmt" count="1"/>
        <line num="67" type="stmt" count="1"/>
        <line num="68" type="stmt" count="1"/>
        <line num="72" type="stmt" count="4"/>
        <line num="74" type="stmt" count="2"/>
        <line num="75" type="stmt" count="2"/>
        <line num="76" type="stmt" count="2"/>
        <line num="80" type="stmt" count="4"/>
        <line num="82" type="stmt" count="2"/>
        <line num="83" type="stmt" count="2"/>
        <line num="84" type="stmt" count="2"/>
        <line num="88" type="stmt" count="3"/>
        <line num="141" type="method" name="inRange" visibility="public" complexity="9" crap="9" count="2"/>
        <line num="143" type="stmt" count="2"/>
        <line num="145" type="stmt" count="2"/>
        <line num="146" type="stmt" count="1"/>
        <line num="150" type="stmt" count="2"/>
        <line num="152" type="stmt" count="2"/>
        <line num="153" type="stmt" count="2"/>
        <line num="154" type="stmt" count="2"/>
        <line num="160" type="stmt" count="2"/>
        <line num="162" type="stmt" count="2"/>
        <line num="164" type="stmt" count="1"/>
        <line num="166" type="stmt" count="1"/>
        <line num="168" type="stmt" count="1"/>
        <line num="169" type="stmt" count="1"/>
        <line num="172" type="stmt" count="1"/>
        <line num="173" type="stmt" count="1"/>
        <line num="174" type="stmt" count="1"/>
        <line num="177" type="stmt" count="1"/>
        <line num="179" type="stmt" count="1"/>
        <line num="180" type="stmt" count="1"/>
        <line num="184" type="stmt" count="1"/>
        <line num="185" type="stmt" count="1"/>
        <line num="188" type="stmt" count="1"/>
        <line num="190" type="stmt" count="1"/>
        <line num="191" type="stmt" count="1"/>
        <line num="194" type="stmt" count="1"/>
        <line num="195" type="stmt" count="1"/>
        <line num="196" type="stmt" count="1"/>
        <line num="199" type="stmt" count="1"/>
        <line num="204" type="stmt" count="1"/>
        <line num="205" type="stmt" count="1"/>
        <line num="206" type="stmt" count="1"/>
        <line num="211" type="stmt" count="1"/>
        <line num="212" type="stmt" count="1"/>
        <line num="214" type="stmt" count="1"/>
        <line num="217" type="stmt" count="1"/>
        <line num="226" type="method" name="decimalIpv6" visibility="public" complexity="3" crap="3" count="2"/>
        <line num="228" type="stmt" count="2"/>
        <line num="229" type="stmt" count="1"/>
        <line num="232" type="stmt" count="2"/>
        <line num="233" type="stmt" count="2"/>
        <line num="235" type="stmt" count="2"/>
        <line num="236" type="stmt" count="2"/>
        <line num="238" type="stmt" count="2"/>
        <line num="247" type="method" name="_decimalIpv6" visibility="public" complexity="2" crap="2" count="1"/>
        <line num="249" type="stmt" count="1"/>
        <line num="250" type="stmt" count="1"/>
        <line num="251" type="stmt" count="1"/>
        <line num="253" type="stmt" count="1"/>
        <line num="259" type="method" name="isDenied" visibility="public" complexity="5" crap="5" count="4"/>
        <line num="261" type="stmt" count="4"/>
        <line num="262" type="stmt" count="2"/>
        <line num="263" type="stmt" count="1"/>
        <line num="264" type="stmt" count="1"/>
        <line num="267" type="stmt" count="2"/>
        <line num="268" type="stmt" count="2"/>
        <line num="273" type="stmt" count="3"/>
        <line num="279" type="method" name="isAllowed" visibility="public" complexity="5" crap="5" count="4"/>
        <line num="281" type="stmt" count="4"/>
        <line num="282" type="stmt" count="2"/>
        <line num="283" type="stmt" count="1"/>
        <line num="284" type="stmt" count="1"/>
        <line num="287" type="stmt" count="2"/>
        <line num="289" type="stmt" count="2"/>
        <line num="294" type="stmt" count="4"/>
        <line num="304" type="method" name="setAllowedList" visibility="public" complexity="1" crap="1" count="2"/>
        <line num="306" type="stmt" count="2"/>
        <line num="307" type="stmt" count="2"/>
        <line num="316" type="method" name="setAllowedItem" visibility="public" complexity="2" crap="2" count="3"/>
        <line num="318" type="stmt" count="3"/>
        <line num="319" type="stmt" count="3"/>
        <line num="321" type="stmt" count="3"/>
        <line num="328" type="method" name="getAllowedList" visibility="public" complexity="1" crap="1" count="3"/>
        <line num="330" type="stmt" count="3"/>
        <metrics loc="332" ncloc="193" classes="1" methods="9" coveredmethods="9" conditionals="0" coveredconditionals="0" statements="81" coveredstatements="81" elements="90" coveredelements="90"/>
      </file>
      <file name="D:\terrylin\data\_projects\vendor\shieldon\src\Shieldon\Component\Rdns.php">
        <class name="Shieldon\Component\Rdns" namespace="Shieldon\Component">
          <metrics complexity="7" methods="2" coveredmethods="2" conditionals="0" coveredconditionals="0" statements="12" coveredstatements="12" elements="14" coveredelements="14"/>
        </class>
        <line num="30" type="method" name="__construct" visibility="public" complexity="1" crap="1" count="9"/>
        <line num="33" type="stmt" count="9"/>
        <line num="36" type="stmt" count="9"/>
        <line num="41" type="method" name="isDenied" visibility="public" complexity="6" crap="6" count="3"/>
        <line num="43" type="stmt" count="3"/>
        <line num="44" type="stmt" count="3"/>
        <line num="45" type="stmt" count="1"/>
        <line num="49" type="stmt" count="3"/>
        <line num="52" type="stmt" count="1"/>
        <line num="53" type="stmt" count="1"/>
        <line num="57" type="stmt" count="1"/>
        <line num="60" type="stmt" count="1"/>
        <line num="61" type="stmt" count="1"/>
        <line num="65" type="stmt" count="3"/>
        <metrics loc="66" ncloc="37" classes="1" methods="2" coveredmethods="2" conditionals="0" coveredconditionals="0" statements="12" coveredstatements="12" elements="14" coveredelements="14"/>
      </file>
      <file name="D:\terrylin\data\_projects\vendor\shieldon\src\Shieldon\Component\TrustedBot.php">
        <class name="Shieldon\Component\TrustedBot" namespace="Shieldon\Component">
          <metrics complexity="22" methods="11" coveredmethods="11" conditionals="0" coveredconditionals="0" statements="36" coveredstatements="36" elements="47" coveredelements="47"/>
        </class>
        <line num="45" type="method" name="__construct" visibility="public" complexity="2" crap="2" count="11"/>
        <line num="48" type="stmt" count="11"/>
        <line num="65" type="stmt" count="11"/>
        <line num="66" type="stmt" count="10"/>
        <line num="68" type="stmt" count="11"/>
        <line num="73" type="method" name="isAllowed" visibility="public" complexity="6" crap="6" count="4"/>
        <line num="75" type="stmt" count="4"/>
        <line num="76" type="stmt" count="4"/>
        <line num="78" type="stmt" count="3"/>
        <line num="82" type="stmt" count="2"/>
        <line num="84" type="stmt" count="2"/>
        <line num="87" type="stmt" count="2"/>
        <line num="88" type="stmt" count="1"/>
        <line num="89" type="stmt" count="1"/>
        <line num="93" type="stmt" count="2"/>
        <line num="97" type="stmt" count="1"/>
        <line num="109" type="method" name="addItem" visibility="public" complexity="1" crap="1" count="1"/>
        <line num="111" type="stmt" count="1"/>
        <line num="112" type="stmt" count="1"/>
        <line num="121" type="method" name="addList" visibility="public" complexity="1" crap="1" count="1"/>
        <line num="123" type="stmt" count="1"/>
        <line num="124" type="stmt" count="1"/>
        <line num="131" type="method" name="getList" visibility="public" complexity="1" crap="1" count="2"/>
        <line num="133" type="stmt" count="2"/>
        <line num="141" type="method" name="setList" visibility="public" complexity="1" crap="1" count="1"/>
        <line num="143" type="stmt" count="1"/>
        <line num="144" type="stmt" count="1"/>
        <line num="153" type="method" name="removeItem" visibility="public" complexity="3" crap="3" count="1"/>
        <line num="155" type="stmt" count="1"/>
        <line num="156" type="stmt" count="1"/>
        <line num="157" type="stmt" count="1"/>
        <line num="158" type="stmt" count="1"/>
        <line num="161" type="stmt" count="1"/>
        <line num="166" type="method" name="isGoogle" visibility="public" complexity="2" crap="2" count="2"/>
        <line num="168" type="stmt" count="2"/>
        <line num="169" type="stmt" count="2"/>
        <line num="172" type="stmt" count="2"/>
        <line num="178" type="method" name="isYahoo" visibility="public" complexity="2" crap="2" count="2"/>
        <line num="180" type="stmt" count="2"/>
        <line num="181" type="stmt" count="2"/>
        <line num="184" type="stmt" count="2"/>
        <line num="190" type="method" name="isBing" visibility="public" complexity="2" crap="2" count="2"/>
        <line num="192" type="stmt" count="2"/>
        <line num="193" type="stmt" count="2"/>
        <line num="196" type="stmt" count="2"/>
        <line num="204" type="method" name="isDenied" visibility="public" complexity="1" crap="1" count="3"/>
        <line num="206" type="stmt" count="3"/>
        <metrics loc="207" ncloc="121" classes="1" methods="11" coveredmethods="11" conditionals="0" coveredconditionals="0" statements="36" coveredstatements="36" elements="47" coveredelements="47"/>
      </file>
      <file name="D:\terrylin\data\_projects\vendor\shieldon\src\Shieldon\Component\UserAgent.php">
        <class name="Shieldon\Component\UserAgent" namespace="Shieldon\Component">
          <metrics complexity="7" methods="2" coveredmethods="2" conditionals="0" coveredconditionals="0" statements="11" coveredstatements="11" elements="13" coveredelements="13"/>
        </class>
        <line num="37" type="method" name="__construct" visibility="public" complexity="2" crap="2" count="9"/>
        <line num="40" type="stmt" count="9"/>
        <line num="58" type="stmt" count="9"/>
        <line num="59" type="stmt" count="9"/>
        <line num="61" type="stmt" count="9"/>
        <line num="66" type="method" name="isDenied" visibility="public" complexity="5" crap="5" count="3"/>
        <line num="68" type="stmt" count="3"/>
        <line num="69" type="stmt" count="3"/>
        <line num="70" type="stmt" count="1"/>
        <line num="74" type="stmt" count="3"/>
        <line num="77" type="stmt" count="1"/>
        <line num="78" type="stmt" count="1"/>
        <line num="82" type="stmt" count="2"/>
        <metrics loc="83" ncloc="29" classes="1" methods="2" coveredmethods="2" conditionals="0" coveredconditionals="0" statements="11" coveredstatements="11" elements="13" coveredelements="13"/>
      </file>
    </package>
    <package name="Shieldon\Driver">
      <file name="D:\terrylin\data\_projects\vendor\shieldon\src\Shieldon\Driver\AbstractDriver.php">
        <class name="Shieldon\Driver\AbstractDriver" namespace="Shieldon\Driver">
          <metrics complexity="12" methods="6" coveredmethods="5" conditionals="0" coveredconditionals="0" statements="6" coveredstatements="5" elements="12" coveredelements="10"/>
        </class>
        <line num="23" type="method" name="get" visibility="public" complexity="1" crap="1" count="9"/>
        <line num="25" type="stmt" count="9"/>
        <line num="31" type="method" name="getAll" visibility="public" complexity="1" crap="1" count="5"/>
        <line num="33" type="stmt" count="5"/>
        <line num="39" type="method" name="has" visibility="public" complexity="1" crap="2.00" count="0"/>
        <line num="41" type="stmt" count="0"/>
        <line num="47" type="method" name="save" visibility="public" complexity="1" crap="1" count="9"/>
        <line num="49" type="stmt" count="9"/>
        <line num="55" type="method" name="delete" visibility="public" complexity="1" crap="1" count="7"/>
        <line num="57" type="stmt" count="7"/>
        <line num="63" type="method" name="rebuild" visibility="public" complexity="1" crap="1" count="8"/>
        <line num="65" type="stmt" count="8"/>
        <metrics loc="120" ncloc="49" classes="1" methods="6" coveredmethods="5" conditionals="0" coveredconditionals="0" statements="6" coveredstatements="5" elements="12" coveredelements="10"/>
      </file>
      <file name="D:\terrylin\data\_projects\vendor\shieldon\src\Shieldon\Driver\AbstractSqlDriver.php">
        <class name="Shieldon\Driver\AbstractSqlDriver" namespace="Shieldon\Driver">
          <metrics complexity="65" methods="14" coveredmethods="3" conditionals="0" coveredconditionals="0" statements="213" coveredstatements="151" elements="227" coveredelements="154"/>
        </class>
        <line num="46" type="method" name="__construct" visibility="public" complexity="2" crap="2.06" count="15"/>
        <line num="48" type="stmt" count="15"/>
        <line num="50" type="stmt" count="15"/>
        <line num="51" type="stmt" count="0"/>
        <line num="53" type="stmt" count="15"/>
        <line num="63" type="method" name="init" visibility="public" complexity="5" crap="5.07" count="9"/>
        <line num="65" type="stmt" count="9"/>
        <line num="66" type="stmt" count="9"/>
        <line num="67" type="stmt" count="3"/>
        <line num="70" type="stmt" count="9"/>
        <line num="71" type="stmt" count="0"/>
        <line num="75" type="stmt" count="9"/>
        <line num="76" type="stmt" count="9"/>
        <line num="81" type="method" name="doFetch" visibility="protected" complexity="7" crap="8.46" count="9"/>
        <line num="83" type="stmt" count="9"/>
        <line num="85" type="stmt" count="9"/>
        <line num="86" type="stmt" count="9"/>
        <line num="90" type="stmt" count="9"/>
        <line num="91" type="stmt" count="9"/>
        <line num="92" type="stmt" count="9"/>
        <line num="93" type="stmt" count="9"/>
        <line num="95" type="stmt" count="9"/>
        <line num="96" type="stmt" count="6"/>
        <line num="98" type="stmt" count="9"/>
        <line num="100" type="stmt" count="9"/>
        <line num="101" type="stmt" count="9"/>
        <line num="105" type="stmt" count="9"/>
        <line num="106" type="stmt" count="9"/>
        <line num="107" type="stmt" count="9"/>
        <line num="108" type="stmt" count="9"/>
        <line num="110" type="stmt" count="9"/>
        <line num="111" type="stmt" count="3"/>
        <line num="113" type="stmt" count="9"/>
        <line num="115" type="stmt" count="0"/>
        <line num="116" type="stmt" count="0"/>
        <line num="120" type="stmt" count="0"/>
        <line num="121" type="stmt" count="0"/>
        <line num="122" type="stmt" count="0"/>
        <line num="123" type="stmt" count="0"/>
        <line num="125" type="stmt" count="0"/>
        <line num="126" type="stmt" count="0"/>
        <line num="128" type="stmt" count="0"/>
        <line num="131" type="stmt" count="9"/>
        <line num="137" type="method" name="doFetchAll" visibility="protected" complexity="7" crap="18.42" count="5"/>
        <line num="139" type="stmt" count="5"/>
        <line num="141" type="stmt" count="5"/>
        <line num="142" type="stmt" count="0"/>
        <line num="144" type="stmt" count="0"/>
        <line num="145" type="stmt" count="0"/>
        <line num="146" type="stmt" count="0"/>
        <line num="148" type="stmt" count="0"/>
        <line num="149" type="stmt" count="0"/>
        <line num="151" type="stmt" count="0"/>
        <line num="153" type="stmt" count="5"/>
        <line num="154" type="stmt" count="0"/>
        <line num="156" type="stmt" count="0"/>
        <line num="157" type="stmt" count="0"/>
        <line num="158" type="stmt" count="0"/>
        <line num="160" type="stmt" count="0"/>
        <line num="161" type="stmt" count="0"/>
        <line num="163" type="stmt" count="0"/>
        <line num="165" type="stmt" count="5"/>
        <line num="166" type="stmt" count="5"/>
        <line num="168" type="stmt" count="5"/>
        <line num="169" type="stmt" count="5"/>
        <line num="170" type="stmt" count="5"/>
        <line num="172" type="stmt" count="5"/>
        <line num="173" type="stmt" count="5"/>
        <line num="175" type="stmt" count="0"/>
        <line num="178" type="stmt" count="0"/>
        <line num="184" type="method" name="checkExist" visibility="protected" complexity="5" crap="5" count="9"/>
        <line num="186" type="stmt" count="9"/>
        <line num="188" type="stmt" count="9"/>
        <line num="189" type="stmt" count="6"/>
        <line num="190" type="stmt" count="6"/>
        <line num="191" type="stmt" count="6"/>
        <line num="193" type="stmt" count="9"/>
        <line num="194" type="stmt" count="9"/>
        <line num="195" type="stmt" count="9"/>
        <line num="196" type="stmt" count="9"/>
        <line num="198" type="stmt" count="5"/>
        <line num="199" type="stmt" count="5"/>
        <line num="200" type="stmt" count="5"/>
        <line num="201" type="stmt" count="5"/>
        <line num="204" type="stmt" count="9"/>
        <line num="205" type="stmt" count="9"/>
        <line num="208" type="stmt" count="9"/>
        <line num="209" type="stmt" count="9"/>
        <line num="211" type="stmt" count="9"/>
        <line num="212" type="stmt" count="9"/>
        <line num="214" type="stmt" count="9"/>
        <line num="215" type="stmt" count="3"/>
        <line num="218" type="stmt" count="9"/>
        <line num="224" type="method" name="doSave" visibility="protected" complexity="5" crap="5" count="9"/>
        <line num="226" type="stmt" count="9"/>
        <line num="228" type="stmt" count="9"/>
        <line num="229" type="stmt" count="6"/>
        <line num="230" type="stmt" count="6"/>
        <line num="231" type="stmt" count="6"/>
        <line num="232" type="stmt" count="6"/>
        <line num="233" type="stmt" count="6"/>
        <line num="235" type="stmt" count="9"/>
        <line num="236" type="stmt" count="9"/>
        <line num="237" type="stmt" count="9"/>
        <line num="238" type="stmt" count="9"/>
        <line num="239" type="stmt" count="9"/>
        <line num="240" type="stmt" count="9"/>
        <line num="242" type="stmt" count="5"/>
        <line num="243" type="stmt" count="5"/>
        <line num="244" type="stmt" count="5"/>
        <line num="245" type="stmt" count="5"/>
        <line num="246" type="stmt" count="5"/>
        <line num="247" type="stmt" count="5"/>
        <line num="248" type="stmt" count="5"/>
        <line num="249" type="stmt" count="5"/>
        <line num="252" type="stmt" count="9"/>
        <line num="254" type="stmt" count="3"/>
        <line num="256" type="stmt" count="9"/>
        <line num="263" type="method" name="doDelete" visibility="protected" complexity="4" crap="4.13" count="7"/>
        <line num="265" type="stmt" count="7"/>
        <line num="266" type="stmt" count="7"/>
        <line num="267" type="stmt" count="3"/>
        <line num="268" type="stmt" count="3"/>
        <line num="271" type="stmt" count="7"/>
        <line num="272" type="stmt" count="6"/>
        <line num="274" type="stmt" count="1"/>
        <line num="275" type="stmt" count="1"/>
        <line num="278" type="stmt" count="0"/>
        <line num="280" type="stmt" count="0"/>
        <line num="285" type="method" name="doRebuild" visibility="protected" complexity="1" crap="1" count="8"/>
        <line num="287" type="stmt" count="8"/>
        <line num="299" type="method" name="update" visibility="private" complexity="8" crap="8.66" count="3"/>
        <line num="301" type="stmt" count="3"/>
        <line num="302" type="stmt" count="3"/>
        <line num="303" type="stmt" count="3"/>
        <line num="306" type="stmt" count="3"/>
        <line num="308" type="stmt" count="3"/>
        <line num="309" type="stmt" count="3"/>
        <line num="310" type="stmt" count="3"/>
        <line num="313" type="stmt" count="3"/>
        <line num="316" type="stmt" count="3"/>
        <line num="317" type="stmt" count="3"/>
        <line num="319" type="stmt" count="3"/>
        <line num="321" type="stmt" count="3"/>
        <line num="322" type="stmt" count="3"/>
        <line num="323" type="stmt" count="0"/>
        <line num="324" type="stmt" count="3"/>
        <line num="325" type="stmt" count="0"/>
        <line num="326" type="stmt" count="3"/>
        <line num="327" type="stmt" count="0"/>
        <line num="329" type="stmt" count="3"/>
        <line num="331" type="stmt" count="3"/>
        <line num="334" type="stmt" count="3"/>
        <line num="336" type="stmt" count="0"/>
        <line num="340" type="stmt" count="0"/>
        <line num="351" type="method" name="insert" visibility="private" complexity="7" crap="7.29" count="9"/>
        <line num="353" type="stmt" count="9"/>
        <line num="354" type="stmt" count="9"/>
        <line num="355" type="stmt" count="9"/>
        <line num="356" type="stmt" count="9"/>
        <line num="357" type="stmt" count="9"/>
        <line num="360" type="stmt" count="9"/>
        <line num="361" type="stmt" count="9"/>
        <line num="364" type="stmt" count="9"/>
        <line num="365" type="stmt" count="9"/>
        <line num="367" type="stmt" count="9"/>
        <line num="368" type="stmt" count="9"/>
        <line num="369" type="stmt" count="9"/>
        <line num="370" type="stmt" count="9"/>
        <line num="371" type="stmt" count="0"/>
        <line num="372" type="stmt" count="9"/>
        <line num="373" type="stmt" count="0"/>
        <line num="375" type="stmt" count="9"/>
        <line num="377" type="stmt" count="9"/>
        <line num="379" type="stmt" count="9"/>
        <line num="381" type="stmt" count="9"/>
        <line num="383" type="stmt" count="0"/>
        <line num="387" type="stmt" count="0"/>
        <line num="398" type="method" name="remove" visibility="private" complexity="7" crap="8.05" count="7"/>
        <line num="401" type="stmt" count="7"/>
        <line num="402" type="stmt" count="7"/>
        <line num="403" type="stmt" count="7"/>
        <line num="406" type="stmt" count="7"/>
        <line num="410" type="stmt" count="7"/>
        <line num="411" type="stmt" count="7"/>
        <line num="413" type="stmt" count="7"/>
        <line num="414" type="stmt" count="7"/>
        <line num="415" type="stmt" count="0"/>
        <line num="416" type="stmt" count="7"/>
        <line num="417" type="stmt" count="0"/>
        <line num="418" type="stmt" count="7"/>
        <line num="419" type="stmt" count="0"/>
        <line num="421" type="stmt" count="7"/>
        <line num="423" type="stmt" count="7"/>
        <line num="426" type="stmt" count="7"/>
        <line num="428" type="stmt" count="0"/>
        <line num="432" type="stmt" count="0"/>
        <line num="440" type="method" name="installSql" visibility="protected" complexity="2" crap="6.00" count="0"/>
        <line num="445" type="stmt" count="0"/>
        <line num="449" type="stmt" count="0"/>
        <line num="452" type="stmt" count="0"/>
        <line num="455" type="stmt" count="0"/>
        <line num="462" type="stmt" count="0"/>
        <line num="465" type="stmt" count="0"/>
        <line num="468" type="stmt" count="0"/>
        <line num="473" type="stmt" count="0"/>
        <line num="476" type="stmt" count="0"/>
        <line num="478" type="stmt" count="0"/>
        <line num="480" type="stmt" count="0"/>
        <line num="481" type="stmt" count="0"/>
        <line num="490" type="method" name="rebuildSql" visibility="protected" complexity="2" crap="2.03" count="8"/>
        <line num="494" type="stmt" count="8"/>
        <line num="495" type="stmt" count="8"/>
        <line num="497" type="stmt" count="8"/>
        <line num="498" type="stmt" count="8"/>
        <line num="500" type="stmt" count="8"/>
        <line num="501" type="stmt" count="8"/>
        <line num="503" type="stmt" count="8"/>
        <line num="505" type="stmt" count="8"/>
        <line num="507" type="stmt" count="0"/>
        <line num="508" type="stmt" count="0"/>
        <line num="517" type="method" name="checkTableExists" visibility="protected" complexity="3" crap="12.00" count="0"/>
        <line num="519" type="stmt" count="0"/>
        <line num="521" type="stmt" count="0"/>
        <line num="522" type="stmt" count="0"/>
        <line num="523" type="stmt" count="0"/>
        <line num="527" type="stmt" count="0"/>
        <metrics loc="528" ncloc="424" classes="1" methods="14" coveredmethods="3" conditionals="0" coveredconditionals="0" statements="213" coveredstatements="151" elements="227" coveredelements="154"/>
      </file>
      <file name="D:\terrylin\data\_projects\vendor\shieldon\src\Shieldon\Driver\DriverProvider.php">
        <class name="Shieldon\Driver\DriverProvider" namespace="Shieldon\Driver">
          <metrics complexity="10" methods="3" coveredmethods="2" conditionals="0" coveredconditionals="0" statements="23" coveredstatements="21" elements="26" coveredelements="23"/>
        </class>
        <line num="53" type="method" name="setChannel" visibility="public" complexity="2" crap="2" count="5"/>
        <line num="55" type="stmt" count="5"/>
        <line num="57" type="stmt" count="5"/>
        <line num="58" type="stmt" count="5"/>
        <line num="59" type="stmt" count="5"/>
        <line num="60" type="stmt" count="5"/>
        <line num="62" type="stmt" count="5"/>
        <line num="69" type="method" name="getChannel" visibility="public" complexity="1" crap="1" count="3"/>
        <line num="71" type="stmt" count="3"/>
        <line num="82" type="method" name="parseData" visibility="public" complexity="7" crap="7.10" count="10"/>
        <line num="84" type="stmt" count="10"/>
        <line num="86" type="stmt" count="10"/>
        <line num="88" type="stmt" count="10"/>
        <line num="89" type="stmt" count="0"/>
        <line num="92" type="stmt" count="10"/>
        <line num="93" type="stmt" count="0"/>
        <line num="96" type="stmt" count="10"/>
        <line num="102" type="stmt" count="10"/>
        <line num="127" type="stmt" count="10"/>
        <line num="128" type="stmt" count="10"/>
        <line num="130" type="stmt" count="10"/>
        <line num="131" type="stmt" count="10"/>
        <line num="134" type="stmt" count="10"/>
        <line num="135" type="stmt" count="10"/>
        <line num="138" type="stmt" count="10"/>
        <line num="142" type="stmt" count="10"/>
        <metrics loc="143" ncloc="76" classes="1" methods="3" coveredmethods="2" conditionals="0" coveredconditionals="0" statements="23" coveredstatements="21" elements="26" coveredelements="23"/>
      </file>
      <file name="D:\terrylin\data\_projects\vendor\shieldon\src\Shieldon\Driver\FileDriver.php">
        <class name="Shieldon\Driver\FileDriver" namespace="Shieldon\Driver">
          <metrics complexity="12" methods="8" coveredmethods="0" conditionals="0" coveredconditionals="0" statements="39" coveredstatements="0" elements="47" coveredelements="0"/>
        </class>
        <line num="14" type="stmt" count="0"/>
        <line num="15" type="stmt" count="0"/>
        <line num="48" type="method" name="__construct" visibility="public" complexity="3" crap="12.00" count="0"/>
        <line num="49" type="stmt" count="0"/>
        <line num="50" type="stmt" count="0"/>
        <line num="51" type="stmt" count="0"/>
        <line num="52" type="stmt" count="0"/>
        <line num="53" type="stmt" count="0"/>
        <line num="54" type="stmt" count="0"/>
        <line num="56" type="stmt" count="0"/>
        <line num="58" type="stmt" count="0"/>
        <line num="59" type="stmt" count="0"/>
        <line num="60" type="stmt" count="0"/>
        <line num="61" type="stmt" count="0"/>
        <line num="64" type="stmt" count="0"/>
        <line num="65" type="stmt" count="0"/>
        <line num="66" type="stmt" count="0"/>
        <line num="71" type="method" name="doFetch" visibility="protected" complexity="1" crap="2.00" count="0"/>
        <line num="72" type="stmt" count="0"/>
        <line num="74" type="stmt" count="0"/>
        <line num="79" type="method" name="checkExist" visibility="protected" complexity="1" crap="2.00" count="0"/>
        <line num="80" type="stmt" count="0"/>
        <line num="82" type="stmt" count="0"/>
        <line num="87" type="method" name="doSave" visibility="protected" complexity="1" crap="2.00" count="0"/>
        <line num="88" type="stmt" count="0"/>
        <line num="90" type="stmt" count="0"/>
        <line num="95" type="method" name="doDelete" visibility="protected" complexity="1" crap="2.00" count="0"/>
        <line num="96" type="stmt" count="0"/>
        <line num="98" type="stmt" count="0"/>
        <line num="105" type="method" name="createDirectory" visibility="protected" complexity="2" crap="6.00" count="0"/>
        <line num="106" type="stmt" count="0"/>
        <line num="107" type="stmt" count="0"/>
        <line num="109" type="stmt" count="0"/>
        <line num="110" type="stmt" count="0"/>
        <line num="111" type="stmt" count="0"/>
        <line num="112" type="stmt" count="0"/>
        <line num="113" type="stmt" count="0"/>
        <line num="115" type="stmt" count="0"/>
        <line num="116" type="stmt" count="0"/>
        <line num="123" type="method" name="checkDirectory" visibility="protected" complexity="2" crap="6.00" count="0"/>
        <line num="124" type="stmt" count="0"/>
        <line num="125" type="stmt" count="0"/>
        <line num="126" type="stmt" count="0"/>
        <line num="127" type="stmt" count="0"/>
        <line num="128" type="stmt" count="0"/>
        <line num="135" type="method" name="getFilename" visibility="protected" complexity="1" crap="2.00" count="0"/>
        <line num="136" type="stmt" count="0"/>
        <line num="137" type="stmt" count="0"/>
        <line num="138" type="stmt" count="0"/>
        <metrics loc="140" ncloc="80" classes="1" methods="8" coveredmethods="0" conditionals="0" coveredconditionals="0" statements="41" coveredstatements="0" elements="49" coveredelements="0"/>
      </file>
      <file name="D:\terrylin\data\_projects\vendor\shieldon\src\Shieldon\Driver\MysqlDriver.php">
        <class name="Shieldon\Driver\MysqlDriver" namespace="Shieldon\Driver">
          <metrics complexity="1" methods="1" coveredmethods="1" conditionals="0" coveredconditionals="0" statements="2" coveredstatements="2" elements="3" coveredelements="3"/>
        </class>
        <line num="26" type="method" name="__construct" visibility="public" complexity="1" crap="1" count="1"/>
        <line num="28" type="stmt" count="1"/>
        <line num="29" type="stmt" count="1"/>
        <metrics loc="29" ncloc="12" classes="1" methods="1" coveredmethods="1" conditionals="0" coveredconditionals="0" statements="2" coveredstatements="2" elements="3" coveredelements="3"/>
      </file>
      <file name="D:\terrylin\data\_projects\vendor\shieldon\src\Shieldon\Driver\RedisDriver.php">
        <class name="Shieldon\Driver\RedisDriver" namespace="Shieldon\Driver">
          <metrics complexity="1" methods="1" coveredmethods="0" conditionals="0" coveredconditionals="0" statements="2" coveredstatements="0" elements="3" coveredelements="0"/>
        </class>
        <line num="21" type="method" name="__construct" visibility="public" complexity="1" crap="2.00" count="0"/>
        <line num="22" type="stmt" count="0"/>
        <line num="24" type="stmt" count="0"/>
        <metrics loc="24" ncloc="10" classes="1" methods="1" coveredmethods="0" conditionals="0" coveredconditionals="0" statements="2" coveredstatements="0" elements="3" coveredelements="0"/>
      </file>
      <file name="D:\terrylin\data\_projects\vendor\shieldon\src\Shieldon\Driver\SqliteDriver.php">
        <class name="Shieldon\Driver\SqliteDriver" namespace="Shieldon\Driver">
          <metrics complexity="5" methods="3" coveredmethods="1" conditionals="0" coveredconditionals="0" statements="15" coveredstatements="11" elements="18" coveredelements="12"/>
        </class>
        <line num="25" type="method" name="__construct" visibility="public" complexity="1" crap="1" count="14"/>
        <line num="27" type="stmt" count="14"/>
        <line num="28" type="stmt" count="14"/>
        <line num="35" type="method" name="installSql" visibility="protected" complexity="2" crap="2.04" count="9"/>
        <line num="39" type="stmt" count="9"/>
        <line num="45" type="stmt" count="9"/>
        <line num="48" type="stmt" count="9"/>
        <line num="57" type="stmt" count="9"/>
        <line num="60" type="stmt" count="9"/>
        <line num="67" type="stmt" count="9"/>
        <line num="69" type="stmt" count="9"/>
        <line num="71" type="stmt" count="0"/>
        <line num="72" type="stmt" count="0"/>
        <line num="82" type="method" name="checkTableExists" visibility="protected" complexity="2" crap="2.50" count="10"/>
        <line num="89" type="stmt" count="10"/>
        <line num="91" type="stmt" count="0"/>
        <line num="94" type="stmt" count="0"/>
        <line num="97" type="stmt" count="10"/>
        <metrics loc="98" ncloc="63" classes="1" methods="3" coveredmethods="1" conditionals="0" coveredconditionals="0" statements="15" coveredstatements="11" elements="18" coveredelements="12"/>
      </file>
    </package>
    <file name="D:\terrylin\data\_projects\vendor\shieldon\src\Shieldon\Driver\DriverInterface.php">
      <metrics loc="79" ncloc="21" classes="0" methods="0" coveredmethods="0" conditionals="0" coveredconditionals="0" statements="0" coveredstatements="0" elements="0" coveredelements="0"/>
    </file>
    <metrics files="23" loc="3906" ncloc="2336" classes="20" methods="109" coveredmethods="75" conditionals="0" coveredconditionals="0" statements="931" coveredstatements="684" elements="1040" coveredelements="759"/>
  </project>
</coverage>
